<?xml version="1.0" encoding="UTF-8"?>
<testng-results ignored="0" total="1" passed="1" failed="0" skipped="0">
  <reporter-output>
  </reporter-output>
  <suite started-at="2024-09-06T23:46:39 IST" name="Default Suite" finished-at="2024-09-06T23:46:47 IST" duration-ms="8085">
    <groups>
    </groups>
    <test started-at="2024-09-06T23:46:39 IST" name="Selenium Hybrid Framework" finished-at="2024-09-06T23:46:47 IST" duration-ms="8085">
      <class name="com.tests.RegisterPageTest">
        <test-method is-config="true" signature="goToApplication()[pri:0, instance:com.tests.RegisterPageTest@236e3f4e]" started-at="2024-09-06T23:46:39 IST" name="goToApplication" finished-at="2024-09-06T23:46:44 IST" duration-ms="5079" status="PASS">
          <reporter-output>
          </reporter-output>
        </test-method> <!-- goToApplication -->
        <test-method signature="firstProgram()[pri:0, instance:com.tests.RegisterPageTest@236e3f4e]" started-at="2024-09-06T23:46:44 IST" name="firstProgram" finished-at="2024-09-06T23:46:47 IST" duration-ms="2693" status="PASS">
          <reporter-output>
          </reporter-output>
        </test-method> <!-- firstProgram -->
        <test-method is-config="true" signature="tearDown()[pri:0, instance:com.tests.RegisterPageTest@236e3f4e]" started-at="2024-09-06T23:46:47 IST" name="tearDown" finished-at="2024-09-06T23:46:47 IST" duration-ms="226" status="PASS">
          <reporter-output>
          </reporter-output>
        </test-method> <!-- tearDown -->
      </class> <!-- com.tests.RegisterPageTest -->
    </test> <!-- Selenium Hybrid Framework -->
  </suite> <!-- Default Suite -->
</testng-results>
